Using pre-set license
Built from '2020.3/staging' branch; Version is '2020.3.3f1 (76626098c1c4) revision 7758432'; Using compiler version '192528614'; Build Type 'Release'
OS: 'Windows 10 Home; OS build 19042.928; Version 2009; 64bit' Language: 'en' Physical Memory: 32568 MB
BatchMode: 1, IsHumanControllingUs: 0, StartBugReporterOnCrash: 0, Is64bit: 1, IsPro: 0

 COMMAND LINE ARGUMENTS:
C:\Program Files\Unity\Hub\Editor\2020.3.3f1\Editor\Unity.exe
-adb2
-batchMode
-noUpm
-name
AssetImportWorker0
-projectPath
C:/Users/captk/Desktop/School Work/VGP123/VGP123_GITHUB
-logFile
Logs/AssetImportWorker0.log
-srvPort
55536
Successfully changed project path to: C:/Users/captk/Desktop/School Work/VGP123/VGP123_GITHUB
C:/Users/captk/Desktop/School Work/VGP123/VGP123_GITHUB
Using Asset Import Pipeline V2.
Refreshing native plugins compatible for Editor in 25.63 ms, found 1 plugins.
Preloading 0 native plugins for Editor in 0.00 ms.
Initialize engine version: 2020.3.3f1 (76626098c1c4)
[Subsystems] Discovering subsystems at path C:/Program Files/Unity/Hub/Editor/2020.3.3f1/Editor/Data/Resources/UnitySubsystems
[Subsystems] Discovering subsystems at path C:/Users/captk/Desktop/School Work/VGP123/VGP123_GITHUB/Assets
GfxDevice: creating device client; threaded=0
Direct3D:
    Version:  Direct3D 11.0 [level 11.1]
    Renderer: NVIDIA GeForce RTX 3080 (ID=0x2206)
    Vendor:   
    VRAM:     10078 MB
    Driver:   27.21.14.5638
Initialize mono
Mono path[0] = 'C:/Program Files/Unity/Hub/Editor/2020.3.3f1/Editor/Data/Managed'
Mono path[1] = 'C:/Program Files/Unity/Hub/Editor/2020.3.3f1/Editor/Data/MonoBleedingEdge/lib/mono/unityjit'
Mono config path = 'C:/Program Files/Unity/Hub/Editor/2020.3.3f1/Editor/Data/MonoBleedingEdge/etc'
Using monoOptions --debugger-agent=transport=dt_socket,embedding=1,server=y,suspend=n,address=127.0.0.1:56280
Begin MonoManager ReloadAssembly
Registering precompiled unity dll's ...
Register platform support module: C:/Program Files/Unity/Hub/Editor/2020.3.3f1/Editor/Data/PlaybackEngines/WindowsStandaloneSupport/UnityEditor.WindowsStandalone.Extensions.dll
Registered in 0.001601 seconds.
Native extension for WindowsStandalone target not found
Refreshing native plugins compatible for Editor in 26.43 ms, found 1 plugins.
Preloading 0 native plugins for Editor in 0.00 ms.
Invoked RoslynAnalysisRunner static constructor.
RoslynAnalysisRunner will not be running.
RoslynAnalysisRunner has terminated.
Mono: successfully reloaded assembly
- Completed reload, in  0.777 seconds
Platform modules already initialized, skipping
Registering precompiled user dll's ...
Registered in 0.000762 seconds.
Begin MonoManager ReloadAssembly
Native extension for WindowsStandalone target not found
Refreshing native plugins compatible for Editor in 26.35 ms, found 1 plugins.
Preloading 0 native plugins for Editor in 0.00 ms.
Invoked RoslynAnalysisRunner static constructor.
RoslynAnalysisRunner will not be running.
RoslynAnalysisRunner has terminated.
Mono: successfully reloaded assembly
- Completed reload, in  0.678 seconds
Platform modules already initialized, skipping
========================================================================
Worker process is ready to serve import requests
Launched and connected shader compiler UnityShaderCompiler.exe after 0.03 seconds
Refreshing native plugins compatible for Editor in 0.30 ms, found 1 plugins.
Preloading 0 native plugins for Editor in 0.00 ms.
Unloading 1808 Unused Serialized files (Serialized files now loaded: 0)
System memory in use before: 84.8 MB.
System memory in use after: 84.8 MB.

Unloading 24 unused Assets to reduce memory usage. Loaded Objects now: 2250.
Total: 1.619600 ms (FindLiveObjects: 0.209400 ms CreateObjectMapping: 0.065700 ms MarkObjects: 1.218100 ms  DeleteObjects: 0.125800 ms)

========================================================================
Received Import Request.
  path: Assets/Sprites/Enemies/Sprite_Enemies.png
  artifactKey: Guid(911517629dd409346acabaa0c35b85ee) Importer(815301076,1909f56bfc062723c751e8b465ee728b)
Start importing Assets/Sprites/Enemies/Sprite_Enemies.png using Guid(911517629dd409346acabaa0c35b85ee) Importer(815301076,1909f56bfc062723c751e8b465ee728b)  -> (artifact id: '8415d60878248c0238f37575867d59a8') in 0.066362 seconds
  Import took 0.068529 seconds .

========================================================================
Received Import Request.
  Time since last request: 0.000262 seconds.
  path: Assets/Sprites/MISC/DonutPlains1_DONE.png
  artifactKey: Guid(53d2c12dd51223947aeb5083e9423d09) Importer(815301076,1909f56bfc062723c751e8b465ee728b)
Start importing Assets/Sprites/MISC/DonutPlains1_DONE.png using Guid(53d2c12dd51223947aeb5083e9423d09) Importer(815301076,1909f56bfc062723c751e8b465ee728b)  -> (artifact id: 'ac7fc4c62de2d387c349fac8878fc035') in 0.007518 seconds
  Import took 0.009612 seconds .

========================================================================
Received Import Request.
  Time since last request: 26.312807 seconds.
  path: Assets/Sprites/MISC/SuperMarioWorld-ChocolateIsland-ChocolateIsland1.png
  artifactKey: Guid(f42726b841268cc4fad5ecc08638da73) Importer(815301076,1909f56bfc062723c751e8b465ee728b)
Start importing Assets/Sprites/MISC/SuperMarioWorld-ChocolateIsland-ChocolateIsland1.png using Guid(f42726b841268cc4fad5ecc08638da73) Importer(815301076,1909f56bfc062723c751e8b465ee728b)  -> (artifact id: '8a983284c638391a2ce3a04713023394') in 0.018630 seconds
  Import took 0.020837 seconds .

========================================================================
Received Import Request.
  Time since last request: 81.066377 seconds.
  path: Assets/Sprites/MISC/Background Elements.gif
  artifactKey: Guid(7f898a3a99bb15a43b0034a405db94ae) Importer(815301076,1909f56bfc062723c751e8b465ee728b)
Start importing Assets/Sprites/MISC/Background Elements.gif using Guid(7f898a3a99bb15a43b0034a405db94ae) Importer(815301076,1909f56bfc062723c751e8b465ee728b)  -> (artifact id: 'a617c9db135343be53067b61a4686922') in 0.020714 seconds
  Import took 0.022981 seconds .

========================================================================
Received Import Request.
  Time since last request: 188.015140 seconds.
  path: Assets/Sprites/MISC/DonutPlains1_DONE.png
  artifactKey: Guid(53d2c12dd51223947aeb5083e9423d09) Importer(815301076,1909f56bfc062723c751e8b465ee728b)
Start importing Assets/Sprites/MISC/DonutPlains1_DONE.png using Guid(53d2c12dd51223947aeb5083e9423d09) Importer(815301076,1909f56bfc062723c751e8b465ee728b)  -> (artifact id: '020a2d005f064110898002036a9cf9ba') in 0.006573 seconds
  Import took 0.008762 seconds .

========================================================================
Received Import Request.
  Time since last request: 0.004867 seconds.
  path: Assets/Sprites/MISC/DonutPlains1_DONE.png
  artifactKey: Guid(53d2c12dd51223947aeb5083e9423d09) Importer(815301076,1909f56bfc062723c751e8b465ee728b)
Start importing Assets/Sprites/MISC/DonutPlains1_DONE.png using Guid(53d2c12dd51223947aeb5083e9423d09) Importer(815301076,1909f56bfc062723c751e8b465ee728b)  -> (artifact id: '020a2d005f064110898002036a9cf9ba') in 0.006094 seconds
  Import took 0.008230 seconds .

========================================================================
Received Import Request.
  Time since last request: 333.371493 seconds.
  path: Assets/Sprites/MISC/DonutPlains1_DONE.png
  artifactKey: Guid(53d2c12dd51223947aeb5083e9423d09) Importer(815301076,1909f56bfc062723c751e8b465ee728b)
Start importing Assets/Sprites/MISC/DonutPlains1_DONE.png using Guid(53d2c12dd51223947aeb5083e9423d09) Importer(815301076,1909f56bfc062723c751e8b465ee728b)  -> (artifact id: '334cb14b1302a4dd3e477eda99a00627') in 0.057657 seconds
  Import took 0.059988 seconds .

========================================================================
Received Import Request.
  Time since last request: 198.152733 seconds.
  path: Assets/Sprites/MISC/DonutPlains1_DONE.png
  artifactKey: Guid(53d2c12dd51223947aeb5083e9423d09) Importer(815301076,1909f56bfc062723c751e8b465ee728b)
Start importing Assets/Sprites/MISC/DonutPlains1_DONE.png using Guid(53d2c12dd51223947aeb5083e9423d09) Importer(815301076,1909f56bfc062723c751e8b465ee728b)  -> (artifact id: 'ae24b0a23f8d75ef07880f6ad576de1a') in 0.043157 seconds
  Import took 0.045347 seconds .

========================================================================
Received Import Request.
  Time since last request: 5.711140 seconds.
  path: Assets/Sprites/MISC/DonutPlains1_DONE.png
  artifactKey: Guid(53d2c12dd51223947aeb5083e9423d09) Importer(815301076,1909f56bfc062723c751e8b465ee728b)
Start importing Assets/Sprites/MISC/DonutPlains1_DONE.png using Guid(53d2c12dd51223947aeb5083e9423d09) Importer(815301076,1909f56bfc062723c751e8b465ee728b)  -> (artifact id: 'a3f6b6ebc02a767271148fb50fee97b6') in 0.042187 seconds
  Import took 0.044425 seconds .

========================================================================
Received Import Request.
  Time since last request: 21.212434 seconds.
  path: Assets/Sprites/MISC/DonutPlains1_DONE.png
  artifactKey: Guid(53d2c12dd51223947aeb5083e9423d09) Importer(815301076,1909f56bfc062723c751e8b465ee728b)
Start importing Assets/Sprites/MISC/DonutPlains1_DONE.png using Guid(53d2c12dd51223947aeb5083e9423d09) Importer(815301076,1909f56bfc062723c751e8b465ee728b)  -> (artifact id: 'c1bebd43dfe284f9229f258727f4bb18') in 0.038543 seconds
  Import took 0.040731 seconds .

========================================================================
Received Import Request.
  Time since last request: 6.068738 seconds.
  path: Assets/Sprites/MISC/DonutPlains1_DONE.png
  artifactKey: Guid(53d2c12dd51223947aeb5083e9423d09) Importer(815301076,1909f56bfc062723c751e8b465ee728b)
Start importing Assets/Sprites/MISC/DonutPlains1_DONE.png using Guid(53d2c12dd51223947aeb5083e9423d09) Importer(815301076,1909f56bfc062723c751e8b465ee728b)  -> (artifact id: 'ab697adf7303c061b92647e412e8a8be') in 0.038111 seconds
  Import took 0.040321 seconds .

========================================================================
Received Import Request.
  Time since last request: 93.973421 seconds.
  path: Assets/Sprites/MISC/DonutPlains1_DONE.png
  artifactKey: Guid(53d2c12dd51223947aeb5083e9423d09) Importer(815301076,1909f56bfc062723c751e8b465ee728b)
Start importing Assets/Sprites/MISC/DonutPlains1_DONE.png using Guid(53d2c12dd51223947aeb5083e9423d09) Importer(815301076,1909f56bfc062723c751e8b465ee728b)  -> (artifact id: 'af732696b09f4e2d0b2d1e2c184b10c4') in 0.039349 seconds
  Import took 0.041686 seconds .

========================================================================
Received Import Request.
  Time since last request: 113.169684 seconds.
  path: Assets/Sprites/MISC/DonutPlains1_DONE.png
  artifactKey: Guid(53d2c12dd51223947aeb5083e9423d09) Importer(815301076,1909f56bfc062723c751e8b465ee728b)
Start importing Assets/Sprites/MISC/DonutPlains1_DONE.png using Guid(53d2c12dd51223947aeb5083e9423d09) Importer(815301076,1909f56bfc062723c751e8b465ee728b)  -> (artifact id: 'f6f991b22552662eb03658977ad490ca') in 0.055583 seconds
  Import took 0.057802 seconds .

========================================================================
Received Import Request.
  Time since last request: 37.811408 seconds.
  path: Assets/Sprites/MISC/DonutPlains1_DONE.png
  artifactKey: Guid(53d2c12dd51223947aeb5083e9423d09) Importer(815301076,1909f56bfc062723c751e8b465ee728b)
Start importing Assets/Sprites/MISC/DonutPlains1_DONE.png using Guid(53d2c12dd51223947aeb5083e9423d09) Importer(815301076,1909f56bfc062723c751e8b465ee728b)  -> (artifact id: '5e0739bbb11e0e47fe380ed46b2ab5d8') in 0.052945 seconds
  Import took 0.055211 seconds .

========================================================================
Received Import Request.
  Time since last request: 65.205150 seconds.
  path: Assets/Sprites/Player/Sprite_Mario.png
  artifactKey: Guid(0307b7bd38e27964da71ed85f7e9feb9) Importer(815301076,1909f56bfc062723c751e8b465ee728b)
Start importing Assets/Sprites/Player/Sprite_Mario.png using Guid(0307b7bd38e27964da71ed85f7e9feb9) Importer(815301076,1909f56bfc062723c751e8b465ee728b)  -> (artifact id: '679ed7b3339ef9088db0c65ea6292b7b') in 0.008246 seconds
  Import took 0.010506 seconds .

========================================================================
Received Import Request.
  Time since last request: 10.013800 seconds.
  path: Assets/Sprites/Player/Sprite_Mario.png
  artifactKey: Guid(0307b7bd38e27964da71ed85f7e9feb9) Importer(815301076,1909f56bfc062723c751e8b465ee728b)
Start importing Assets/Sprites/Player/Sprite_Mario.png using Guid(0307b7bd38e27964da71ed85f7e9feb9) Importer(815301076,1909f56bfc062723c751e8b465ee728b)  -> (artifact id: '75cbe07b81aeee5493a26d27d491d89b') in 0.007650 seconds
  Import took 0.009927 seconds .

========================================================================
Received Import Request.
  Time since last request: 55.864718 seconds.
  path: Assets/Sprites/Player/Sprite_Mario.png
  artifactKey: Guid(0307b7bd38e27964da71ed85f7e9feb9) Importer(815301076,1909f56bfc062723c751e8b465ee728b)
Start importing Assets/Sprites/Player/Sprite_Mario.png using Guid(0307b7bd38e27964da71ed85f7e9feb9) Importer(815301076,1909f56bfc062723c751e8b465ee728b)  -> (artifact id: 'b9cb6ab0525cdec47c23237e47b296b6') in 0.119915 seconds
  Import took 0.122304 seconds .

========================================================================
Received Import Request.
  Time since last request: 182.193743 seconds.
  path: Assets/Sprites/Player/Sprite_Mario.png
  artifactKey: Guid(0307b7bd38e27964da71ed85f7e9feb9) Importer(815301076,1909f56bfc062723c751e8b465ee728b)
Start importing Assets/Sprites/Player/Sprite_Mario.png using Guid(0307b7bd38e27964da71ed85f7e9feb9) Importer(815301076,1909f56bfc062723c751e8b465ee728b)  -> (artifact id: '5bad8525c2fef62b070a23f82b3bb210') in 0.104868 seconds
  Import took 0.107237 seconds .

========================================================================
Received Import Request.
  Time since last request: 70.654005 seconds.
  path: ProjectSettings/TagManager.asset
  artifactKey: Guid(00000000000000003000000000000000) Importer(815301076,1909f56bfc062723c751e8b465ee728b)
Start importing ProjectSettings/TagManager.asset using Guid(00000000000000003000000000000000) Importer(815301076,1909f56bfc062723c751e8b465ee728b)  -> (artifact id: '3125bf62d54dbcdd0ce3e4c540a7aa4e') in 0.003733 seconds
  Import took 0.005916 seconds .

========================================================================
Received Import Request.
  Time since last request: 0.006622 seconds.
  path: ProjectSettings/TagManager.asset
  artifactKey: Guid(00000000000000003000000000000000) Importer(815301076,1909f56bfc062723c751e8b465ee728b)
Start importing ProjectSettings/TagManager.asset using Guid(00000000000000003000000000000000) Importer(815301076,1909f56bfc062723c751e8b465ee728b)  -> (artifact id: '3125bf62d54dbcdd0ce3e4c540a7aa4e') in 0.001667 seconds
  Import took 0.003566 seconds .

========================================================================
Received Import Request.
  Time since last request: 252.348114 seconds.
  path: Assets/Sprites/Player/Sprite_Mario.png
  artifactKey: Guid(0307b7bd38e27964da71ed85f7e9feb9) Importer(815301076,1909f56bfc062723c751e8b465ee728b)
Start importing Assets/Sprites/Player/Sprite_Mario.png using Guid(0307b7bd38e27964da71ed85f7e9feb9) Importer(815301076,1909f56bfc062723c751e8b465ee728b)  -> (artifact id: 'e37848d91f7ffa9f5d307e1baffb8c76') in 0.095244 seconds
  Import took 0.097584 seconds .

========================================================================
Received Import Request.
  Time since last request: 7.946283 seconds.
  path: Assets/Sprites/Player/Sprite_Mario.png
  artifactKey: Guid(0307b7bd38e27964da71ed85f7e9feb9) Importer(815301076,1909f56bfc062723c751e8b465ee728b)
Start importing Assets/Sprites/Player/Sprite_Mario.png using Guid(0307b7bd38e27964da71ed85f7e9feb9) Importer(815301076,1909f56bfc062723c751e8b465ee728b)  -> (artifact id: 'c561ce7f3332b530b5877dfb5e350512') in 0.103258 seconds
  Import took 0.105746 seconds .

========================================================================
Received Import Request.
  Time since last request: 3.941897 seconds.
  path: Assets/Sprites/Player/Sprite_Mario.png
  artifactKey: Guid(0307b7bd38e27964da71ed85f7e9feb9) Importer(815301076,1909f56bfc062723c751e8b465ee728b)
Start importing Assets/Sprites/Player/Sprite_Mario.png using Guid(0307b7bd38e27964da71ed85f7e9feb9) Importer(815301076,1909f56bfc062723c751e8b465ee728b)  -> (artifact id: '0f25b1888cbac4915101f94043cbe82a') in 0.058533 seconds
  Import took 0.060892 seconds .

========================================================================
Received Import Request.
  Time since last request: 23.244138 seconds.
  path: Assets/Sprites/Player/Sprite_Mario.png
  artifactKey: Guid(0307b7bd38e27964da71ed85f7e9feb9) Importer(815301076,1909f56bfc062723c751e8b465ee728b)
Start importing Assets/Sprites/Player/Sprite_Mario.png using Guid(0307b7bd38e27964da71ed85f7e9feb9) Importer(815301076,1909f56bfc062723c751e8b465ee728b)  -> (artifact id: 'd1f3b29a923ae08f5bc85a285c4d0d52') in 0.094958 seconds
  Import took 0.097365 seconds .

========================================================================
Received Import Request.
  Time since last request: 541.066440 seconds.
  path: Assets/Sprites/Player/Sprite_Mario.png
  artifactKey: Guid(0307b7bd38e27964da71ed85f7e9feb9) Importer(815301076,1909f56bfc062723c751e8b465ee728b)
Start importing Assets/Sprites/Player/Sprite_Mario.png using Guid(0307b7bd38e27964da71ed85f7e9feb9) Importer(815301076,1909f56bfc062723c751e8b465ee728b)  -> (artifact id: 'c072c7bfc753cf3327a50ef49e40abb2') in 0.101269 seconds
  Import took 0.103649 seconds .

========================================================================
Received Prepare
Registering precompiled user dll's ...
Registered in 0.000693 seconds.
Begin MonoManager ReloadAssembly
Native extension for WindowsStandalone target not found
Refreshing native plugins compatible for Editor in 0.29 ms, found 1 plugins.
Preloading 0 native plugins for Editor in 0.00 ms.
Invoked RoslynAnalysisRunner static constructor.
RoslynAnalysisRunner will not be running.
RoslynAnalysisRunner has terminated.
Mono: successfully reloaded assembly
- Completed reload, in  0.611 seconds
Platform modules already initialized, skipping
Refreshing native plugins compatible for Editor in 0.32 ms, found 1 plugins.
Preloading 0 native plugins for Editor in 0.00 ms.
Unloading 1803 Unused Serialized files (Serialized files now loaded: 0)
System memory in use before: 88.1 MB.
System memory in use after: 88.1 MB.

Unloading 14 unused Assets to reduce memory usage. Loaded Objects now: 2397.
Total: 1.752000 ms (FindLiveObjects: 0.177100 ms CreateObjectMapping: 0.056500 ms MarkObjects: 1.424800 ms  DeleteObjects: 0.092700 ms)

========================================================================
Received Import Request.
  Time since last request: 2431.285205 seconds.
  path: Assets/Sprites/Enemies/Sprite_Enemies.png
  artifactKey: Guid(911517629dd409346acabaa0c35b85ee) Importer(815301076,1909f56bfc062723c751e8b465ee728b)
Start importing Assets/Sprites/Enemies/Sprite_Enemies.png using Guid(911517629dd409346acabaa0c35b85ee) Importer(815301076,1909f56bfc062723c751e8b465ee728b)  -> (artifact id: 'fcf82ad844ad542f45cf4cc625d06d71') in 0.028820 seconds
  Import took 0.031103 seconds .

========================================================================
Received Import Request.
  Time since last request: 92.873586 seconds.
  path: Assets/Sprites/Enemies/Sprite_Enemies.png
  artifactKey: Guid(911517629dd409346acabaa0c35b85ee) Importer(815301076,1909f56bfc062723c751e8b465ee728b)
Start importing Assets/Sprites/Enemies/Sprite_Enemies.png using Guid(911517629dd409346acabaa0c35b85ee) Importer(815301076,1909f56bfc062723c751e8b465ee728b)  -> (artifact id: 'eea9faf55ccdd77f22948cce2e89168e') in 0.836684 seconds
  Import took 0.840980 seconds .

========================================================================
Received Import Request.
  Time since last request: 55.437227 seconds.
  path: Assets/Sprites/MISC/Background Elements.gif
  artifactKey: Guid(7f898a3a99bb15a43b0034a405db94ae) Importer(815301076,1909f56bfc062723c751e8b465ee728b)
Start importing Assets/Sprites/MISC/Background Elements.gif using Guid(7f898a3a99bb15a43b0034a405db94ae) Importer(815301076,1909f56bfc062723c751e8b465ee728b)  -> (artifact id: '37f442cd69607cd1ee8b724d3b9deabe') in 0.007461 seconds
  Import took 0.009787 seconds .

========================================================================
Received Import Request.
  Time since last request: 73.359355 seconds.
  path: Assets/Sprites/MISC/Background Elements.gif
  artifactKey: Guid(7f898a3a99bb15a43b0034a405db94ae) Importer(815301076,1909f56bfc062723c751e8b465ee728b)
Start importing Assets/Sprites/MISC/Background Elements.gif using Guid(7f898a3a99bb15a43b0034a405db94ae) Importer(815301076,1909f56bfc062723c751e8b465ee728b)  -> (artifact id: 'ffdd8dd21d8cdd753c4b6768ee62cba3') in 0.012272 seconds
  Import took 0.014543 seconds .

========================================================================
Received Import Request.
  Time since last request: 15.731310 seconds.
  path: Assets/Sprites/MISC/Background Elements.gif
  artifactKey: Guid(7f898a3a99bb15a43b0034a405db94ae) Importer(815301076,1909f56bfc062723c751e8b465ee728b)
Start importing Assets/Sprites/MISC/Background Elements.gif using Guid(7f898a3a99bb15a43b0034a405db94ae) Importer(815301076,1909f56bfc062723c751e8b465ee728b)  -> (artifact id: 'e28041f7f99656b59f13f3f2bd390eb1') in 0.015603 seconds
  Import took 0.017908 seconds .

========================================================================
Received Import Request.
  Time since last request: 11.580305 seconds.
  path: Assets/Sprites/MISC/Background Elements.gif
  artifactKey: Guid(7f898a3a99bb15a43b0034a405db94ae) Importer(815301076,1909f56bfc062723c751e8b465ee728b)
Start importing Assets/Sprites/MISC/Background Elements.gif using Guid(7f898a3a99bb15a43b0034a405db94ae) Importer(815301076,1909f56bfc062723c751e8b465ee728b)  -> (artifact id: '5a0a7f4a5eab58b0b922f1b2f5db7ca3') in 0.006843 seconds
  Import took 0.009122 seconds .

========================================================================
Received Import Request.
  Time since last request: 116.709508 seconds.
  path: Assets/Sprites/Player/Sprite_Mario.png
  artifactKey: Guid(0307b7bd38e27964da71ed85f7e9feb9) Importer(815301076,1909f56bfc062723c751e8b465ee728b)
Start importing Assets/Sprites/Player/Sprite_Mario.png using Guid(0307b7bd38e27964da71ed85f7e9feb9) Importer(815301076,1909f56bfc062723c751e8b465ee728b)  -> (artifact id: '3197fe4a173dbccb24408d7b066366a7') in 0.136667 seconds
  Import took 0.139084 seconds .

========================================================================
Received Prepare
Registering precompiled user dll's ...
Registered in 0.000708 seconds.
Begin MonoManager ReloadAssembly
Native extension for WindowsStandalone target not found
Refreshing native plugins compatible for Editor in 0.31 ms, found 1 plugins.
Preloading 0 native plugins for Editor in 0.00 ms.
Invoked RoslynAnalysisRunner static constructor.
RoslynAnalysisRunner will not be running.
RoslynAnalysisRunner has terminated.
Mono: successfully reloaded assembly
- Completed reload, in  0.625 seconds
Platform modules already initialized, skipping
Refreshing native plugins compatible for Editor in 0.27 ms, found 1 plugins.
Preloading 0 native plugins for Editor in 0.00 ms.
Unloading 1803 Unused Serialized files (Serialized files now loaded: 0)
System memory in use before: 88.9 MB.
System memory in use after: 88.9 MB.

Unloading 12 unused Assets to reduce memory usage. Loaded Objects now: 2698.
Total: 1.694700 ms (FindLiveObjects: 0.183900 ms CreateObjectMapping: 0.052800 ms MarkObjects: 1.381900 ms  DeleteObjects: 0.075400 ms)

AssetImportWorkerClient::OnTransportError - code=2 error=End of file
